<?xml version="1.0" encoding="UTF-8"?>
<testng-results ignored="0" total="3" passed="3" failed="0" skipped="0">
  <reporter-output>
  </reporter-output>
  <suite started-at="2021-10-21T20:26:16 IST" name="Sauce_Test_Suite" finished-at="2021-10-21T20:26:43 IST" duration-ms="26470">
    <groups>
    </groups>
    <test started-at="2021-10-21T20:26:16 IST" name="SauceTest" finished-at="2021-10-21T20:26:43 IST" duration-ms="26470">
      <class name="Logout_Test">
        <test-method signature="logout()[pri:0, instance:Logout_Test@44821a96]" started-at="2021-10-21T20:26:34 IST" name="logout" finished-at="2021-10-21T20:26:43 IST" duration-ms="9121" status="PASS">
          <reporter-output>
          </reporter-output>
        </test-method> <!-- logout -->
      </class> <!-- Logout_Test -->
      <class name="AddToCart_Test">
        <test-method signature="addToCart()[pri:0, instance:AddToCart_Test@4944252c]" started-at="2021-10-21T20:26:25 IST" name="addToCart" finished-at="2021-10-21T20:26:34 IST" duration-ms="8970" status="PASS">
          <reporter-output>
          </reporter-output>
        </test-method> <!-- addToCart -->
      </class> <!-- AddToCart_Test -->
      <class name="LoginTest">
        <test-method signature="login()[pri:0, instance:LoginTest@68c72235]" started-at="2021-10-21T20:26:16 IST" name="login" finished-at="2021-10-21T20:26:25 IST" duration-ms="8322" status="PASS">
          <reporter-output>
          </reporter-output>
        </test-method> <!-- login -->
      </class> <!-- LoginTest -->
    </test> <!-- SauceTest -->
  </suite> <!-- Sauce_Test_Suite -->
</testng-results>
