<?xml version="1.0" encoding="UTF-8"?>
<testng-results ignored="0" total="1" passed="1" failed="0" skipped="0">
  <reporter-output>
  </reporter-output>
  <suite started-at="2021-11-01T20:44:30 IST" name="Default suite" finished-at="2021-11-01T20:44:47 IST" duration-ms="16133">
    <groups>
    </groups>
    <test started-at="2021-11-01T20:44:30 IST" name="Default test" finished-at="2021-11-01T20:44:47 IST" duration-ms="16133">
      <class name="com.sauce.tests.OrderTest">
        <test-method is-config="true" signature="intial()[pri:0, instance:com.sauce.tests.OrderTest@7bd4937b]" started-at="2021-11-01T20:44:30 IST" name="intial" finished-at="2021-11-01T20:44:34 IST" duration-ms="3794" status="PASS">
          <reporter-output>
          </reporter-output>
        </test-method> <!-- intial -->
        <test-method signature="OrderTest()[pri:0, instance:com.sauce.tests.OrderTest@7bd4937b]" started-at="2021-11-01T20:44:34 IST" name="OrderTest" finished-at="2021-11-01T20:44:43 IST" duration-ms="8560" status="PASS">
          <reporter-output>
          </reporter-output>
        </test-method> <!-- OrderTest -->
        <test-method is-config="true" signature="teardown()[pri:0, instance:com.sauce.tests.OrderTest@7bd4937b]" started-at="2021-11-01T20:44:43 IST" name="teardown" finished-at="2021-11-01T20:44:47 IST" duration-ms="3735" status="PASS">
          <reporter-output>
          </reporter-output>
        </test-method> <!-- teardown -->
      </class> <!-- com.sauce.tests.OrderTest -->
    </test> <!-- Default test -->
  </suite> <!-- Default suite -->
</testng-results>
