<?xml version="1.0" encoding="UTF-8"?>
<testng-results ignored="0" total="1" passed="1" failed="0" skipped="0">
  <reporter-output>
  </reporter-output>
  <suite started-at="2021-10-23T20:32:54 IST" name="Default suite" finished-at="2021-10-23T20:33:04 IST" duration-ms="10868">
    <groups>
    </groups>
    <test started-at="2021-10-23T20:32:54 IST" name="Default test" finished-at="2021-10-23T20:33:04 IST" duration-ms="10868">
      <class name="AddToCartTest">
        <test-method signature="addTocart()[pri:0, instance:AddToCartTest@550ee7e5]" started-at="2021-10-23T20:32:54 IST" name="addTocart" finished-at="2021-10-23T20:33:04 IST" duration-ms="10808" status="PASS">
          <reporter-output>
          </reporter-output>
        </test-method> <!-- addTocart -->
      </class> <!-- AddToCartTest -->
    </test> <!-- Default test -->
  </suite> <!-- Default suite -->
</testng-results>
