<?xml version="1.0" encoding="UTF-8"?>
<testng-results skipped="0" failed="0" ignored="0" total="2" passed="2">
  <reporter-output>
  </reporter-output>
  <suite name="Surefire suite" duration-ms="36158" started-at="2021-10-23T20:45:36 IST" finished-at="2021-10-23T20:46:12 IST">
    <groups>
    </groups>
    <test name="Surefire test" duration-ms="36158" started-at="2021-10-23T20:45:36 IST" finished-at="2021-10-23T20:46:12 IST">
      <class name="LoginTest">
        <test-method status="PASS" signature="logintest()[pri:0, instance:LoginTest@4f970963]" name="logintest" duration-ms="24836" started-at="2021-10-23T20:45:48 IST" finished-at="2021-10-23T20:46:12 IST">
          <reporter-output>
          </reporter-output>
        </test-method> <!-- logintest -->
      </class> <!-- LoginTest -->
      <class name="AddToCartTest">
        <test-method status="PASS" signature="addTocart()[pri:0, instance:AddToCartTest@3b0143d3]" name="addTocart" duration-ms="11275" started-at="2021-10-23T20:45:36 IST" finished-at="2021-10-23T20:45:48 IST">
          <reporter-output>
          </reporter-output>
        </test-method> <!-- addTocart -->
      </class> <!-- AddToCartTest -->
    </test> <!-- Surefire test -->
  </suite> <!-- Surefire suite -->
</testng-results>
